<?xml version="1.0" encoding="UTF-8"?>
<!-- Generated by org.testng.reporters.JUnitReportReporter -->
<testsuite name="com.app.pages.homepagetest" tests="1" time="6.227" ignored="0" failures="0" timestamp="03 Sep 2021 11:11:48 GMT" skipped="0" hostname="AshokHP" errors="0">
  <testcase name="verifyhomepagetabs" time="6.227" classname="com.app.pages.homepagetest"/>
</testsuite> <!-- com.app.pages.homepagetest -->
